  #define G01          "Regular Bingo"
  #define G02          "Lg Pict Frame"
  #define G03          "Coverall"
  #define G04          "3 Layer Cake"
  #define G05          "Reg or 4 Corn"
  #define G06          "Sm Pict Frame"
  #define G07          "Reg/Post/4 Corn"
  #define G08          "Dbl Postage"
  #define G09          "Dbl Regular"
  #define G10          "Float 6 Pack"
  #define G11          "Letter X"
  #define G12          "Sm Crazy Kite"
  #define G13          "Lg Diamond"
  #define G14          "Crazy T"
  #define G15          "Lg Crazy Kite"
  #define G16          "Indian Star"
  #define G17          "2 Hardways"
  #define G18          "Crazy L"
  #define G19          "Block of 9 Any"
  #define G20          "Sm Frame + Corn"
  #define G21          "Block of 9 Corn"
  #define G22          "Top or Bottom 2"
  #define G23          "Hardway Bingo"
  #define G24          "Dbl Bingo w/4 C"
  #define G25          "6 Pack Corner"
  #define G26          "Letter Y"
  #define G27          "Top Or Bottom"
  #define G28          "Small Diamond"
  #define G29          "Letter N"
  #define G30          "B & O Rows"
  #define G31          "Lucky 7"
  #define G32          "Letter T 2 Ways"
  #define G33          "Letter Y 2 Ways"
  #define G34          "Number 7 or 11"
  #define G35          "Letter X or N"
  #define G36          "Dbl Reg/4C/Post"
  #define G37          "Diagonal"
  #define G38          "Vertical"
  #define G39          "Triple Bingo"
  #define G40          "Vert + Horiz"
  #define G41          "Goal Post"
  #define G42          "2 Horizontal"
  #define G43          "Letter M"
  #define G44          "Sm Letter I"
  #define G45          "Check Mark"
  #define G46          "Lg Letter I"
  #define G47          "Letter C"
  #define G48          "8 Pack From Any"
  #define G49          "Postage Stamp"
  #define G50          "= Sign"
  #define G51          "Hard + 4 Corn"
  #define G52          "Hard + Easy"
  #define G53          "Tpl Bingo w/4C"
  #define G54          "Double Cross"
  #define G55          "Hardway + 2C"
  #define G56          "Chk Mark + 2C"
  #define G57          "X or T"
  #define G58          "Regular + 2C"
  #define G59          "Hard Vertical"
  #define G60          "Straight + 4C"
  #define G61          "Hardway 6 Pack"
  #define G62          "Pic Frame Corn"
  #define G63          "Tpl Reg/4C/Post"
  #define G64          "+ Sign"
  #define G65          "B or O Column"
  #define G66          "Letter H"
  #define G67          "2 Bgo 4C/Sm Frm"
  #define G68          "Reg Bgo/Sm Frm"
  #define G69          "Sm/Lg Frame"
  #define G70          "X or Lg Frame"
  #define G71          "Reg/4C/Sm Frm"
  #define G72          "Crazy T or X"
  #define G73          "5 Around C"
  #define G74          "Sm Diam + C"
  #define G75          "Ironing Board"
  #define G76          "Pyramid"
  #define G77          "Top AND Bottom"
  #define G78          "Bow Tie"
  #define G79          "Hard or 4C"
  #define G80          "6 Pack/FREE"
  #define G81          "Wild Arrow"
  #define G82          "2 Crazy Stamps"
  #define G83          "Fly Swatter"
  #define G84          "Horizontal"
  #define G85          "Sm Dia + 2C"
  #define G86          "Crazy H"
  #define G87          "W/Stamp+Line"
  #define G88          "Large +"
  #define G89          "Letter L"
  #define G90          "2 Stamps + Line"
  #define G91          "3 Hardways"
  #define G92          "Stamp+Outside C"
  #define G93          "Letter Z"
  #define G94          "Diag + Inside C"
  #define G95          "Large Kite"
  #define G96          "4 Corner Stamps"
  #define G97          "Block of 12"
  #define G98          "Crazy T or L"
  #define G99          "Stamp + Line"
  #define G100         "Line or Stamp"
  #define G101         "Crazy Bow Tie"
  #define G102         "L Diam or In C"
  #define G103         "I and G Rows"
  #define G104         "Easy Way"
  #define G105         "Letter S"
  #define G106         "Any 2 Layers"
  #define G107         "2 Outside Lines"
  #define G108         "Crazy C"
  #define G109         "4 Corners"
  #define G110         "4 Corn Blackout"
  #define G111         "Letter T"
  #define G112         "Stamp + Corner"
  #define G113         "In Corn + Stamp"
  #define G114         "Solid Diamond"
  #define G115         "Diag w/Opp Corn"
  #define G116         "Top/Bot w/Diag"
  #define G117         "Hard+Corn Stamp"
  #define G118         "2 Easy"
  #define G119         "2 Six Packs"
  #define G120         "Happy Face"
  #define G121         "Butterfly"
  #define G122         "Sm Frame + 2C"
  #define G123         "Diag + 6 Pack"
  #define G124         "Doo Dad"
  #define G125         "Crazy C Free C"
  #define G126         "Crazy Y"
  #define G127         "Hard + Diag"
  #define G128         "Diag+Opp Stamp"
  #define G129         "Horiz OR Vert"
  #define G130         "Double ANYWAY"
  #define G131         "2 Lines Free C"
  #define G132         "Reg+Hard 6 Pk"
  #define G133         "Reg+ NF Stamp"
  #define G134         "4 Lines"
  #define G135         "Wild Hat Pin"
  #define G136         "NF Stamp + 2 C"
  #define G137         "Tpl Bingo + 4C"
  #define G138         "2 NF Stamps"
  #define G139         "3 NF Stamps"
  #define G140         "Dbl Bgo/Sm Fr"
  #define G141         "Reg 4C/Sm Fr"
  #define G142         "3 Any Way"
  #define G143         "Line+2 NF Stmp"
  #define G144         "1 NF Stamp"
  #define G145         "3 Float Stamp"
  #define G146         "6 Pack + Stamp"
  #define G147         "2 Way Flag"
  #define G148         "2 Reg/4C/WStamp"
  #define G149         "Small X"
  #define G150         "X Missing 1"
  #define G151         "Small Cross"
  #define G152         "Tpl Anyway (F)"
  #define G153         "Line + Box"
  #define G154         "Lg Frame (Cover)"
  #define G155         "Line + Any Bingo"
  #define G156         "Line + (NF) Box"
  #define G157         "Lg Bow Tie"
  #define G158         "Pyramid"
  #define G159         "1/2 Blackout"
  #define G160         "Wild Stamp"
  #define G161         "Diag or Post"
  #define G162         "Reg or W/Stamp"
  #define G163         "Number 4"
  #define G164         "Brown Jug"
  #define G165         "Double X"
  #define G166         "7 Come 11"
  #define G167         "In or Out Corn"
  #define G168         "Crazy L Free C"
  #define G169         "4 Around Corn"
  #define G170         "2 Verticals"
  #define G171         "Inside Corners"
  #define G172         "Line + In/Out C"
  #define G173         "Dbl Anyway (IC)"
  #define G174         "Reg + Sm Diam"
  #define G175         "Crazy 8"
  #define G176         "1 Outside Line"
  #define G177         "Shotgun"
  #define G178         "RR Tracks"
  #define G179         "Flying Arrow"
  #define G180         "Sunglasses"
  #define G181         "Happy Face (Lg)"
  #define G182         "Letter F Free C"
  #define G183         "Bikini"
  #define G184         "Reg + In Corn"
  #define G185         "Block of 9 Corn"
  #define G186         "Double Any (CS)"
  #define G187         "N Row + Sm Diam"
  #define G188         "Dbl Postage F/C"
  #define G189         "Target Bingo"
  #define G190         "4 Anyway"
  #define G191         "3 x 5 Anywhere"
  #define G192         "Double Diamond"
  #define G193         "Broken Frame"
  #define G194         "Turtle"
  #define G195         "Crazy Shoot Star"
  #define G196         "Small + In Corn"
  #define G197         "Large Plus + 4C"
  #define G198         "Starburst"
  #define G199         "Triple Diagonal"
  #define G200         "Tic Tac Toe"
  #define G201         "Crazy 7"
  #define G202         "6 Pack + 4 C"
  #define G203         "Crazy Pyramid"
  #define G204         "Diag + NF Stamp"
  #define G205         "Letter P"
  #define G206         "Top 3 Lines"
  #define G207         "1/2 Card Blackout"
  #define G208         "Red Cross + Post"
  #define G209         "Hard + 4C NO"
  #define G210         "ING Rows"
  #define G211         "3 Corner Stamps"
  #define G212         "Plus + Minus"
  #define G213         "9 Pack (Out)"
  #define G214         "Crazy RR Tracks"
  #define G215         "Crazy TXL"
  #define G216         "Hard + Hard Stamp"
  #define G217         "Stamp + Postage"
  #define G218         "Sm Diam OR 4C"
  #define G219         "Postage OR 4C"
  #define G220         "Top Hat"
  #define G221         "Champagne Glass"
  #define G222         "BNO Rows"
  #define G223         "Baseball (Any 9)"
  #define G224         "W/Stamp + 4C"
  #define G225         "X/Sm Frame/L"
  #define G226         "Letter X/Sm Frame"
  #define G227         "Letter X/L"
  #define G228         "Sm Frame/Letter L"
  #define G229         "Ten Spot"
  #define G230         "2 Corn Brackets"
  #define G231         "3 Top 3 Bottom"
  #define G232         "Seven 11"
  #define G233         "Sm X Any Corner"
  #define G234         "Sm C Any Corner"
  #define G235         "Small W"
  #define G236         "Crazy Chevron"
  #define G237         "Crazy Brown Jug"
  #define G238         "Any 5 Around Corn"
  #define G239         "Full Bow Tie"
  #define G240         "Reg Bingo (VK)"
  #define G241         "Buckshot"
  #define G242         "SC Kite + 2 Corn"
  #define G243         "Check Mark + 1 C"
  #define G244         "Window Shade"
  #define G245         "Empty Champagne"
  #define G246         "Dog Bone"
  #define G247         "Musical Note"
  #define G248         "L + O"
  #define G249         "Cr Chevron + 1C"
  #define G250         "Arrow + 4C"
  #define G251         "T and P"
  #define G252         "X and O"
  #define G253         "Soccor Goal"
  #define G254         "W/Stamp + 6 Pk"
  #define G255         "Double BBB"
  #define G256         "Letter M F/Corn"
  #define G257         "In Layer Cake"
  #define G258         "Flying Kite"
  #define G259         "Left Arrow"
  #define G260         "Equal + T/B N"
  #define G261         "Valentine Heart"
  #define G262         "Diag + W/Stamp"
  #define G263         "3 Line Blackout"
  #define G264         "Easter Egg"
  #define G265         "Easter Bonnet"
  #define G266         "Mickey Mouse"
  #define G267         "Postage+Line NO"
  #define G268         "Any 6 Around C"
  #define G269         "Crazy T Free C"
  #define G270         "6 Pack + Line NO"
  #define G271         "Crazy T,L,Lg Plus"
  #define G272         "Crazy T/L Free C"
  #define G273         "2 Lines (No Diag)"
  #define G274         "2 Hard 6 Packs"
  #define G275         "3 Hard + 4 Corn"
  #define G276         "N Row + 4 Corn"
  #define G277         "Postage + 2 Corn"
  #define G278         "W Stamp 4Corn NO"
  #define G279         "Hor+Vert+Diag"
  #define G280         "Dbl W/Chevron"
  #define G281         "Dbl Chevron"
  #define G282         "Triangle Game"
  #define G283         "Reverse X"
  #define G284         "Reverse L"
  #define G285         "Crazy 7 (Wild)"
  #define G286         "Crazy RR (2)"
  #define G287         "Open Corral"
  #define G288         "Hor+Vert+Diag"
  #define G289         "Number 13"
  #define G290         "Hard+W/Stamp NO"
  #define G291         "Number 13 (F/C)"
  #define G292         "Hat Pin (1 Way)"
  #define G293         "Crazy Sm Frame"
  #define G294         "3 Easy"
  #define G295         "Double L"
  #define G296         "6 Pack 4C N.O."
  #define G297         "Reg/Post/4C/SmDm"
  #define G298         "Mutt & Jeff"
  #define G299         "Cent Sign"
  #define G300         "Letter J"
  #define G301         "Hot Dog"
  #define G302         "Fly + Swatter"
  #define G303         "Music Note (2)"
  #define G304         "Reg/Corn/Diam"
  #define G305         "Open Diamond"
  #define G306         "X/CrazyT/SmFr"
  #define G307         "X/CrazyT/Sm/Lg"
  #define G308         "X/CrazyT/Lg"
  #define G309         "CrazyT/Lg/Sm"
  #define G310         "X/Sm/Lg"
  #define G311         "X/Crazy T"
  #define G312         "X/Sm Frame"
  #define G313         "X/Lg Frame"
  #define G314         "Crazy T/Sm Fm"
  #define G315         "Crazy T/Lg Fm"
  #define G316         "Southern Cross"
  #define G317         "DBL Reg/Corn/Dia"
  #define G318         "NF Stamp+Postage"
  #define G319         "2 Top Postage"
  #define G320         "Bar X"
  #define G321         "3 Arnd 2 Corn"
  #define G322         "Top Half"
  #define G323         "Dbl Anyway (IC)"
  #define G324         "Anyway (IC)"
  #define G325         "4 Anyway (IC)"
  #define G326         "3 Anyway(IC)"
  #define G327         "Diag + 1 Corn"
  #define G328         "Any RR"
  #define G329         "Top Line"
  #define G330         "Top Line/Diag"
  #define G331         "Butterfly"
  #define G332         "W Stamp + 1C"
  #define G333         "Sm Diam + 1C"
  #define G334         "Crazy Half Cd"
  #define G335         "Forty-Niner"
  #define G336         "Top Line (7)"
  #define G337         "Diagonal (7)"
  #define G338         "Line + 6 Pack"
  #define G339         "Xmas Tree"
  #define G340         "W/Hard Chevron"
  #define G341         "Rg/Post/IOC/Dm"
  #define G342         "FL Cake/Cover"
  #define G343         "4 Stamps/Cover"
  #define G344         "2 Corn Brack/RR"
  #define G345         "In Corn Out Line"
  #define G346         "Tall Top Hat"
  #define G347         "Letter V"
  #define G348         "Small W"
  #define G349         "4 Lines 1NF Stamp"
  #define G350         "N&O-G&O-NGO"
  #define G351         "Line + Any (FS)"
  #define G352         "Dbl ANYWAY (FS)"
  #define G353         "Tpl ANYWAY (FS)"
  #define G354         "Pocola Arrow"
  #define G355         "Line + Any (IC)"
  #define G356         "Hard Horizontal"
  #define G357         "Line+W/StampNO"
  #define G358         "Crazy I"
  #define G359         "Crazy Flag"
  #define G360         "Diag + Vert"
  #define G361         "Top+Bot Free C"
  #define G362         "Line + IC"
  #define G363         "Line + OC"
  #define G364         "Corn to Corn"
  #define G365         "Small Tree"
  #define G366         "Double 3"
  #define G367         "Upside Down Jug"
  #define G368         "B.I.N.G.O."
  #define G369         "6 Around + Diag"
  #define G370         "2 Lines No Diag"
  #define G371         "Dbl X 2 Ways"
  #define G372         "Small Tree + 4C"
  #define G373         "Lg Champ Glass"
  #define G374         "Out Line + 2C"
  #define G375         "Crazy Tomahawk"
  #define G376         "Smiley Face"
  #define G377         "Bacon + Eggs"
  #define G378         "Wild Brown Jug"
  #define G379         "3 of 3"
  #define G380         "L/R Arrow"
  #define G381         "Sm Frm in Corn"
  #define G382         "L/R Checkmark"
  #define G383         "Crazy Arrowhead"
  #define G384         "Horiz + Diag"
  #define G385         "Center Flag"
  #define G386         "T Hawk/G Post"
  #define G387         "Crazy Mini T"
  #define G388         "Crazy Kite + IOC"
  #define G389         "Fallen Cake"
  #define G390         "Sm Goal Post"
  #define G391         "Out Line/In Corn"
  #define G392         "Fl Diam + 2 C"
  #define G393         "Crazy I (Small)"
  #define G394         "Crazy Kite + IC"
  #define G395         "Crazy Small C"
  #define G396         "Crazy Dbl X"
  #define G397         "Up/Dn Tomahawk"
  #define G398         "Forw/Rev Flag"
  #define G399         "3 Rev Corn Br"
  #define XG01         "Diag + IO Corn"
  #define XG02         "L/R Checkmark + 2C"
  #define XG03         "Wild Small Plus"
  #define XG04         "Line or IOC"
  #define XG05         "W/Stamp+Diag NO"
  #define XG06         "Diag OR 4 Corn"
  #define XG07         "RR (Horizontal"
  #define XG08         "B Spot"
  #define XG09         "Small P"
  #define XG10         "4 Stamps/Coverall"
  #define XG11         "3 Float Stamps"
  #define XG12         "Chair"
  #define XG13         "Teeter Totter"
  #define XG14         "BB Diam + Run"
  #define XG15         "2 Pict Fm Corn"
  #define XG16         "Sm Picic Table"
  #define XG17         "Sm Totem Pole"
  #define XG18         "Champagne Cup"
  #define XG19         "C and H"
  #define XG20         "3 Corn Bracket"
  #define XG21         "2 Small Corn +"
  #define XG22         "2 Sm Corn X"
  #define XG23         "Sm C Any Corn"
  #define XG24         "Love Letter"
  #define XG25         "Line + 4C no"
  #define XG26         "Diag + 2 Stamps"
  #define XG27         "In Layer Cake 24"
  #define XG28         "7 and 11"
  #define XG29         "Dbl Chevron"
  #define XG30         "Crazy Sm Diam"
  #define XG31         "Crazy Chevron"
  #define XG32         "Letter W"
  #define XG33         "Hard 8 Pack"
  #define XG34         "Dbl Hard 8"
  #define XG35         "Short 6"
  #define XG36         "Crazy T/Lg Plus"
  #define XG37         "Lg Arrow"
  #define XG38         "Pinwheel (Cover)"
  #define XG39         "Anchor"
  #define XG40         "Hot Dog in Bun"
  #define XG41         "Crazy 1/2 X"
  #define XG42         "Cross Sabres"
  #define XG43         "G and O Row"
  #define XG44         "T Bird"
  #define XG45         "Crazy Jug (U/D)"
  #define XG46         "Reg/4C-Dbl Post"
  #define XG47         "Reg/4C-2 W/Stmp"
  #define XG48         "Reg/4C-9 Pack"
  #define XG49         "Reg/4C-6 Pack"
  #define XG50         "Bingo 7 Ways"
  #define XG51         "Letter U"
  #define XG52         "Letter S (lg)"
  #define XG53         "Letter A"
  #define XG54         "Tomahawk (1 Way)"
  #define XG55         "Dbl Bgo 7 Ways"
  #define XG56         "Floating T"
  #define XG57         "Crazy L/Clover"
  #define XG58         "Block 9/Lg Diam"
  #define XG59         "2 Parallel Lines"
  #define XG60        "Sunglasses (hi)"
  #define XG61        "Baseball Diam"
  #define XG62        "Small 10"
  #define XG63        "Small H (Any)"
  #define XG64        "Eagle Dancer"
  #define XG65        "X Plus Postage"
  #define XG66        "Clover (Free C)"
  #define XG67        "Fl Diam 4 C"
  #define XG68        "Hard+Post (NO)"
  #define XG69        "Hi!"
  #define XG70        "Sail Boat"
  #define XG71        "Roman Numeral"
  #define XG72        "2 Out Lines F/C"
  #define XG73        "Bingo Boy"
  #define XG74        "Window Shade"
  #define XG75        "TX T Coverall"
  #define XG76        "Stamp + Line/4C"
  #define XG77        "N Row + 2 Corn"
  #define XG78        "Any 7 Around C"
  #define XG79        "1 Above 1 Below"
  #define XG80        "Stairs"
  #define XG81        "Letter G"
  #define XG82        "Bell"
  #define XG83        "Hang The Caller"
  #define XG84        "Dbl Rg/Stmp/IOC/Dm"
  #define XG85        "Letter K"
  #define XG86        "Large Plus or X"
  #define XG87        "Popsicle"
  #define XG88        "Indian Star (lg)"
  #define XG89        "4 Lines w/4C"
  #define XG90        "Lg Frame -1"
  #define XG91        "Bottom Line"
  #define XG92        "Sh Goal Post"
  #define XG93        "Thank U"
  #define XG94        "Empty Jug"
  #define XG95        "7 11 "
  #define XG96        "9 Pack + 4C"
  #define XG97        "Letter E"
  #define XG98        "Line/4C + 6Pk"
  #define XG99        "Dbl Chevron Dn"
  #define XG100        "One Way Arrow"
  #define XG101        "Mirror 7"
  #define XG102        "Dbl/4C-6 Pack"
  #define XG103        "Dbl Rg/SmDm/IOC"
  #define XG104        "Flag"
  #define XG105        "Checker Board"
  #define XG106        "HI"
  #define XG107        "Dbl Plus 2 Ways"
  #define XG108        "Bingo B"
  #define XG109        "Scorpion"
  #define XG110        "Pinwheel"
  #define XG111        "B Row"
  #define XG112        "O Row"
  #define XG113        "Number 3"
  #define XG114        "Number 5"
  #define XG115        "Number 9"
  #define XG116        "Number 6"
  #define XG117        "Letter O"
  #define XG118        "B and I"
  #define XG119        "N and O"
  #define XG120        "Crazy Music Note"
  #define XG121        "Crazy Star +2C"
  #define XG122        "Postage + IOC"
  #define XG123        "U/D/L/R Arrow"
  #define XG124        "L/R Arrow + 2C"
  #define XG125        "Peace Pipe"
  #define XG126        "Chevron+4C"
  #define XG127        "Line or IC"
  #define XG128        "Sm Kite+Corn"
  #define XG129        "Floating T"
  #define XG130        "Seven Spot"
  #define XG131        "Number 1"
  #define XG132        "Top or I or G"
  #define XG133        "I or G"
  #define XG134        "Lucky 7 or 11"
  #define XG135        "N Row"
  #define XG136        "Cr Lg Arrow/Tp/Bt"
  #define XG137        "Lg + or Lg Kite"
  #define XG138        "Fl Diam + 4C"
  #define XG139        "Crazy Wild Jug"
  #define XG140        "Hour Glass"
  #define XG141        "Top Row or 11"
  #define XG142        "7 or I or G"
  #define XG143        "Letter W or N"
  #define XG144        "Top or Bottom 3"
  #define XG145        "1st Seven Daub"
  #define XG146        "Question Mark"
  #define XG147        "Tpl Reg/NFS/4C"
  #define XG148        "Dbl Reg/NFS/4C"
  #define XG149        "Line + Reg/NFS/4C"
  #define XG150        "Layer Cake Free C"
  #define XG151        "3 Lines Free Corn"
  #define XG152        "Line + 9 Pack"
  #define XG153        "Champagne Glass"
  #define XG154        "Hard 6 (Top/Bot)"
  #define XG155        "Lg Diam / Cover"
  #define XG156        "Crazy L / 3 Post"
  #define XG157        "Letter X / SPF4C"
  #define XG158        "Sm Frame 4C/Cover"
  #define XG159        "Fixed Sm Kite"
  #define XG160        "6 Pk + Line/4C"
  #define XG161        "Lucky 7 Free O1"
  #define XG162        "Chair (1 way)"
  #define XG163        "Lit Brwn Jug TX"
  #define XG164        "Lg Frame Free/C"
  #define XG165        "Lg Diamond - 1"
  #define XG166        "Letter F"
  #define XG167        "X + Plus"
  #define XG168        "Pac-Man"
  #define XG169       "T + X"
  #define XG170       "Lg Frame + X"
  #define XG171       "Dbl Top AND Bot"
  #define XG172       "Cr Bow Tie (lg)"
  #define XG173       "Texas T Blackout"
  #define XG174       "Lg Frame+Sm Diam"
  #define XG175       "Crazy T + X"
  #define XG176       "2 Lines or Cor 9"
  #define XG177       "Lg or Sm Diam"
  #define XG178       "Filled Hourglass"
  #define XG179       "Line/4c/Sm Diam"
  #define XG180       "Anchor (2)"
  #define XG181       "Circus C"
  #define XG182       "Butterfly (3)"
  #define XG183       "Sm Frm/Crazy L"
  #define XG184       "Dbl Block 9 NO"
  #define XG185       "Fly Swatter (2)"
  #define XG186       "Question Mark (2"
  #define XG187       "Number 9 (2)"
  #define XG188       "Floating T (2)"
  #define XG189       "Slingshot"
  #define XG190       "Dog House"
  #define XG191       "Wishbone"
  #define XG192       "Little Man"
  #define XG193       "Triple Twos"
  #define XG194       "Sm Crzy T + 2C"
  #define XG195       "Picture Free Corn"
  #define XG196       "Hard 6 (Row2/4)"
  #define XG197       "Letter E (2)"
  #define XG198       "Picnic Table (SM)"
  #define XG199       "Letter F (sm)"
  #define XG200       "Crazy Chevron /"
  #define XG201       "B Row + 4 Corn"
  #define XG202       "O Row + 4 Corn"
  #define XG203       "N Row + 4 Corn"
  #define XG204       "Sm Diam + 2 C"
  #define XG205       "Lg Diam + 4 C"
  #define XG206       "Sm Frame - 1"
  #define XG207       "Block 9 - 1"
  #define XG208       "Row 3 + 2 C"
  #define XG209       "Tpl Bingo HH"
  #define XG210       "2 Lg Corn Brack"
  #define XG211       "IN IG NG"
  #define XG212       "Hang Caller (R)"
  #define XG213       "Swatter+Fly Corn"
  #define XG214       "Star Burst (2)"
  #define XG215       "Eagle Dancer (2)"
  #define XG216       "Top 3 Lines/Cov"
  #define XG217       "Line+2 W/Stmp NO"
  #define XG218       "2 Fl Diamonds NO"
  #define XG219       "Reg/NFS/4C"
  #define XG220       "Top Left 9"
  #define XG221       "Circus C Cover"
  #define XG222       "Reg/4C/Sm/Lg Diam"
  #define XG223       "2 Reg/4C/Sm/Lg Diam"
  #define XG224       "Swatter + LR Fly"
  #define XG225       "Checkerboard (2)"
  #define XG226       "B or 0 + Corners"
  #define XG227       "Triangle (Top)"
  #define XG228       "Cactus"
  #define XG229       "Reverse Brackets"
  #define XG230       "Sm Frame + Line NO"
  #define XG231       "Letter X + 1N"
  #define XG232       "Crazy Stack of 3"
  #define XG233       "Shotgun 6"
  #define XG234       "SG/Hardway"
  #define XG235       "SG/Sm Diam or IC"
  #define XG236       "SG/Sm Cross"
  #define XG237       "SG/Sm Cr Kite"
  #define XG238       "SG/Outside Line"
  #define XG239       "SG/6 Pack"
  #define XG240       "SG/Checkmark"
  #define XG241       "Chair (B)"
  #define XG242       "Cross (2)"
  #define XG243       "Letter L (th)"
  #define XG244       "Letter H (th)"
  #define XG245       "Bottom Left 9"
  #define XG246       "Division Sign"
  #define XG247       "Columns"
  #define XG248       "Roman II"
  #define XG249       "3B 3N 3O"
  #define XG250       "Crazy Dbl Frame"
  #define XG251       "2 Sm Kites"
  #define XG252       "Number 10"
  #define XG253       "Spaceship"
  #define XG254       "Flask"
  #define XG255       "House"
  #define XG256       "Anchor"
  #define XG257       "Bottle"
  #define XG258       "Bowling Lane"
  #define XG259       "Bow Tie w/Diag"
  #define XG260       "Bracket + 4C"
  #define XG261       "Crazy Window Shade"
  #define XG262       "Cup"
  #define XG263       "3 Diagonal"
  #define XG264       "In Frame Own C"
  #define XG265       "Goal Post (N)"
  #define XG266       "L/R Blackout"
  #define XG267       "Musical Note (3)"
  #define XG268       "Middle 3"
  #define XG269       "Question Mark (3)"
  #define XG270       "Division Sign (2)"
  #define XG271       "Diagonal 3 (1)"
  #define XG272       "Number 4 (2)"
  #define XG273       "Shotgun 9"
  #define XG274       "BB/Hardway"
  #define XG275       "BB/Sm Diam or IC"
  #define XG276       "BB/Sm Cross"
  #define XG277       "BB/Sm Cr Kite"
  #define XG278       "BB/Outside Line"
  #define XG279       "BB/6 Pack"
  #define XG280       "BB/Checkmark"
  #define XG281       "In/Out Corn"
  #define XG282       "Crazy Chair"
  #define XG283       "Any6/Corn9"
  #define XG284       "3 Postage F/C"
  #define XG285       "Texas T"
  #define XG286       "Latch Gate"
  #define XG287       "Letter Q"
  #define XG288       "Heart"
  #define XG289       "Lollie Pop"     // Fly swatter only
  #define XG290       "Letter y"
  #define XG291       "Small 7"
  #define XG292       "Hard + 1 C"
  #define XG293       "Letter E (sh)"
  #define XG294       "Letter P (r)"
  #define XG295       "Big Jug"
  #define XG296       "Airplane"
  #define XG297       "Jamboree"
  #define XG298       "7 and 11 (sm)"
  #define XG299       "Coverall-Diam"
  #define XG300       "Block 8 - 1"
  #define XG301       "1/2 Coverall (dr)"
  #define XG302       "Dbl Bgo/Block 9"
  #define XG303       "Sm Frm/Lg Plus"
  #define XG304       "Cr Bw Tie/Tp+Bt"
  #define XG305       "Crazy G"
  #define XG306       "Small C"
  #define XG307       "Equal + 4C"
  #define XG308       "Crazy Triangle"
  #define XG309       "Crazy 1/2"
  #define XG310       "Number 4 (b)"
  #define XG311       "Letter F (sm2)"
  #define XG312       "Brown Jug (t2)"
  #define XG313       "Dbl Bingo (1f)"
  #define XG314       "Bow Tie (Free C)"
  #define XG315       "Crazy Small H"
  #define XG316       "Crazy Triangle"
  #define XG317       "Snake"
  #define XG318       "Letter P (th)"
  #define XG319       "Letter T (sh)"
  #define XG320       "I and N Row"
  #define XG321       "Golf Club"
  #define XG322       "Postage + 4C"
  #define XG323       "Gavel"
  #define XG324       "Chair (wond)"
  #define XG325       "Sm Kite Free C"
  #define XG326       "Short 6"
  #define XG327       "Chev4C/Chair"
  #define XG328       "Letter X or H"
  #define XG329       "Double T"
  #define XG330       "Crazy Double T"
  #define XG331       "Sm Kite/Block 9"
  #define XG332       "Letter H /Cover"
  #define XG333       "House Top"
  #define XG334       "Letter H Free C"
  #define XG335       "Coverall Free X"
  #define XG336       "Crazy Comb"
  #define XG337       "Lobster"
  #define XG338       "Crazy In Frame"
  #define XG339       "Diag/N Row"
  #define XG340       "Cr Chev/N Row"
  #define XG341       "4 Top+ 4 Bot"
  #define XG342       "Diag + I Row"
  #define XG343       "Almost There"
  #define XG344       "Cr Chev + 2 C"
  #define XG345       "I Row"
  #define XG346       "4 Top/Bot-6 Pk"
  #define XG347       "Sm X or Diag+I"
  #define XG348       "Line/4C/5 Around"
  #define XG349       "Line/4C/TeeterTot"
  #define XG350       "3 Around 2/Clover"
  #define XG351       "CrChev2c/Top/Bot"
  #define XG352       "Small C"
  #define XG353       "Shotgun 10"
  #define XG354       "Pyramid (2 ways)"
  #define XG355       "5 Around / Letter Y"
  #define XG356       "Sm Frame/Half Card"
  #define XG357       "Lg Bow Tie (1way)"
  #define XG358       "Up/Dn Small T"
  #define XG359       "Lucky 7 + B5"
  #define XG360       "Line or Chevron"
  #define XG361       "Crazy T + 4C"
  #define XG362       "Sm Kite/Sm Frm"
  #define XG363       "T 2 Ways/ H"
  #define XG364       "Ln- In/Out Corn"
  #define XG365       "Ln- Dbl Chevron"
  #define XG366       "Ln- Dbl Postage"
  #define XG367       "Ln- Sm Kite"
  #define XG368       "Ln- 3 Top 3 Bot"
  #define XG369       "Top/Bot - FL Cake"
  #define XG370       "2 Adj Horizontal"
  #define XG371       "Hard Six (t/b)"
  #define XG372       "6 on a Stick"
  #define XG373       "Bar Bell"
  #define XG374       "Number 8"
  #define XG375       "Scare Crow"
  #define XG376       "Telephone Pole"
  #define XG377       "Hard 6/Lett X"
  #define XG378       "Sm Crazy L"
  #define XG379       "Corn Diam +4C"
  #define XG380       "Crazy Totem Pole"
  #define XG381       "Dbl Check Mark"
  #define XG382       "Dbl Vert RR"
  #define XG383       "Deer"
  #define XG384       "2 Opp Sides"
  #define XG385       "Fat Side"
  #define XG386       "5 Around Free"
  #define XG387       "Chair 2 Ways"
  #define XG388       "Top/Bot 3 Connect"
  #define XG389       "Diam Pts or 4 C"
  #define XG390       "Pipe"
  #define XG391       "L/R Lg Arrow"
  #define XG392       "Dog Bone 2 ways"
  #define XG393       "Airplane"
  #define XG394       "Kitty Corner"
  #define XG395       "Cr Baseball Fld"
  #define XG396       "Lg Kitty Corn"
  #define XG397       "2 Top Mid Bot"
  #define XG398       "8 in Lg Frame"
  #define XG399       "Dbl Float T"
  #define XG400       "RR (I-G/2-4)"
  #define XG401       "Mutt&Jeff 2 wy"
  #define XG402       "Diam/4C Y 2 Wy"
  #define XG403       "Sm Check Mark"
  #define XG404       "Float Pyramid"
  #define XG405       "Hang The Caller2"
  #define XG406       "Umbrella"
  #define XG407       "Picnic Table (3)"
  #define XG408       "Bikini (2)"
  #define XG409       "Snorkel"
  #define XG410       "Sand Crab"
  #define XG411       "Lobster (2)"
  #define XG412       "Lifeguard Chair"
  #define XG413       "Anchor (3)"
  #define XG414       "Heart (2)"
  #define XG415       "3 Side by Side"
  #define XG416       "Rg/IOC/Pst/Dm/Tp"
  #define XG417       "Double C's"
  #define XG418       "Block 9 UR"
  #define XG419       "Letter J (2)"
  #define XG420       "Number 96"
  #define XG421       "Hopscotch"
  #define XG422       "Flag (2)"
  #define XG423       "Lg Diam -B3"
  #define XG424       "Dbl Bgo 7 Ways"
  #define XG425       "Lg or Sm Pyramid"
  #define XG426       "Sm Checkmark (2)"
  #define XG427       "Flag (b)"
  #define XG428       "Lg Diam - 1"
  #define XGNEW       "NONE "
  #define XG500       "Speed Coverall"
  #define G401         "1/2/3/4 Corn"
  #define G402         "4/6/8/9 Packs"
  #define G403         "(4) Block Coll"
  #define G404         "(4) NF Block Coll"
  #define G405         "4C Stamp + Line"
  #define G406         "4C Six Pack"
  #define G407         "4C Bingo"
  #define G408         "3 Cd Line"
  #define G409         "Super Top/Bot"
  #define G501			"Crystal Ball  1"
  #define G502			"Crystal Ball  2"
  #define G503			"Crystal Ball  3"
  #define G504			"Crystal Ball  4"
  #define G505			"Crystal Ball  5"
  #define G506			"Crystal Ball  6"
  #define G507			"Crystal Ball  7"
  #define G508			"Crystal Ball  8"
  #define G509			"Crystal Ball  9"
  #define G510			"Crystal Ball 10"
  #define G511			"Crystal Ball 11"
  #define G512			"Crystal Ball 12"
  #define G513			"Crystal Ball 13"
  #define G514			"Crystal Ball 14"
  #define G515			"Crystal Ball 15"
  #define G516			"Crystal Ball 16"
  #define G801         "Double Mini's"
  #define G802         "Dbl Mini Blkout"
  #define G803         "DA Stamp + Line"
  #define G804         "DA Any 5 Around"
  #define G805         "DA Line + 4C"
  #define G806         "DA Any 9 Pack"
  #define G807         "DA 2 Straights"
  #define G808         "DA Ten Indians"
  #define G809         "DA 2 Corn Stamps"
  #define G810         "DA 6 Spot (3/3)"
  #define G811         "DA W/Stamp +4C"
  #define G812         "DA Open Corral"
  #define G813         "DA 2 Horizontals"
  #define G814         "DA Sm Frame"
  #define G815         "DA Coverall"
  #define G816         "DA 3 Lines"
  #define G901         "Hawaiian Blkout"
  #define G902         "Jackson Winn"
  #define G903         "2 Card Coverall"
  #define G904         "Crazy Dbl (3)"
  #define G905         "Tpl Tpl Triple"
  #define G906         "4 - 6 - 8"
  #define G907         "3 Lines in 3 Cd"
  #define G908         "2 Card Sm Kite"
  #define G909         "1/2/3 Lines W/C"
  #define G910         "4 - 5 - 6"
  #define G911         "Dbl Dbl Dbl"
  #define G912         "Line/Stamp/6Pk"
  #define G913         "2 Card W/Stamp"
  #define G914         "U.S.A."
  #define G915         "W.I.N. (WIN)"
  #define G916         "W.I.N. (WN)"
  #define G917         "W.I.N. (I)"
  #define G918         "3)Sup Top/Bot"
  #define G919         "2 Cd 6 Pack"
  #define G920         "3 Cd Bingo"
  #define G921         "Number 7 (1)"
  #define G922         "4-5-6 Hard Way"
  #define G923         "X/LPF/Cov (3)"
  #define G924         "LPF/Cov (3)"
  #define G925         "Cov (3)"
  #define G926         "X (3)"
  #define G601         "2 Card 6 Pack"
  #define G602         "4 Card Bingo"
  #define G603         "4 Card 6 Pack"
  #define G604         "2 Card Straight"
  #define G605         "3 Card Straight"
  #define G606         "2 Card Stamp"
  #define G607         "Block Collection"
  #define G608         "NF Block Collect"
  #define G609         "Crazy Dbl (6)"
  #define G610         "3 Card W/Stamp"
  #define G611         "2 Card Diagonal"
  #define G612         "2 Card W/Sm +"
  #define G613         "2 Card Kite"
  #define G614         "2 Card NF Stamp"
  #define G615         "2 Card C/Sm +"
  #define G616         "4 Card Reg"
  #define G617         "Hor+Diag (6pk)"
  #define G618         "4 Cd Line/IOC"
  #define G619         "3 Cd Line/4C"
  #define G620         "2 Cd Hard 6pk"
  #define G621         "2 Cd Hardway"
  #define G622         "1 IC 1 OC"
  #define G623         "2Cd + In Corn"
  #define G624         "Super Top/Bot"
  #define G625         "Super B & O"
  #define G626         "Hard + Easy"
  #define G627         "2 Cd Czy Jug"
  #define G628         "Super B&O (222)"
  #define G629         "3 Cd Hardway"
  #define G630         "2 Cd Vertical"
  #define G631         "2 Cd Horizontal"
  #define G632         "3 Cd Six Pack"
  #define G633         "4 Cd W/Stamp"
  #define G634         "2 Cd Out/Line"
  #define G635         "2 Cd W/Stamp"
  #define G691         "Giant Bingo"
//  #define G901         "Chance Of Life"
